2024-09-11 22:21:45,191 - INFO - 
<Train>
2024-09-11 22:21:45,191 - INFO - total examples in dataset: 28608
2024-09-11 22:23:38,932 - INFO - Epoch 1 : group 0 lr 5.4499999999999997e-05
2024-09-11 22:23:38,940 - INFO - ------------------------------
2024-09-11 22:23:38,940 - INFO - Epoch: 1/100
2024-09-11 22:23:38,940 - INFO - Time: 113.18sec
2024-09-11 22:23:38,942 - INFO - Loss: 116.5655
2024-09-11 22:23:38,942 - INFO - ------------------------------
2024-09-11 22:25:31,053 - INFO - Epoch 2 : group 0 lr 0.000104
2024-09-11 22:25:31,061 - INFO - ------------------------------
2024-09-11 22:25:31,061 - INFO - Epoch: 2/100
2024-09-11 22:25:31,061 - INFO - Time: 112.11sec
2024-09-11 22:25:31,063 - INFO - Loss: 115.9947
2024-09-11 22:25:31,063 - INFO - ------------------------------
2024-09-11 22:27:23,793 - INFO - Epoch 3 : group 0 lr 0.00015350000000000002
2024-09-11 22:27:23,801 - INFO - ------------------------------
2024-09-11 22:27:23,802 - INFO - Epoch: 3/100
2024-09-11 22:27:23,802 - INFO - Time: 112.73sec
2024-09-11 22:27:23,804 - INFO - Loss: 114.9209
2024-09-11 22:27:23,804 - INFO - ------------------------------
2024-09-11 22:29:16,287 - INFO - Epoch 4 : group 0 lr 0.000203
2024-09-11 22:29:16,295 - INFO - ------------------------------
2024-09-11 22:29:16,295 - INFO - Epoch: 4/100
2024-09-11 22:29:16,295 - INFO - Time: 112.49sec
2024-09-11 22:29:16,297 - INFO - Loss: 112.8569
2024-09-11 22:29:16,297 - INFO - ------------------------------
2024-09-11 22:31:08,714 - INFO - Epoch 5 : group 0 lr 0.0002525
2024-09-11 22:31:08,723 - INFO - ------------------------------
2024-09-11 22:31:08,723 - INFO - Epoch: 5/100
2024-09-11 22:31:08,723 - INFO - Time: 112.42sec
2024-09-11 22:31:08,724 - INFO - Loss: 110.1504
2024-09-11 22:31:08,724 - INFO - ------------------------------
2024-09-11 22:33:01,174 - INFO - Epoch 6 : group 0 lr 0.000302
2024-09-11 22:33:01,182 - INFO - ------------------------------
2024-09-11 22:33:01,182 - INFO - Epoch: 6/100
2024-09-11 22:33:01,182 - INFO - Time: 112.45sec
2024-09-11 22:33:01,184 - INFO - Loss: 106.8430
2024-09-11 22:33:01,184 - INFO - ------------------------------
2024-09-11 22:34:53,673 - INFO - Epoch 7 : group 0 lr 0.00035150000000000003
2024-09-11 22:34:53,681 - INFO - ------------------------------
2024-09-11 22:34:53,681 - INFO - Epoch: 7/100
2024-09-11 22:34:53,681 - INFO - Time: 112.49sec
2024-09-11 22:34:53,683 - INFO - Loss: 104.6948
2024-09-11 22:34:53,683 - INFO - ------------------------------
2024-09-11 22:36:46,249 - INFO - Epoch 8 : group 0 lr 0.000401
2024-09-11 22:36:46,257 - INFO - ------------------------------
2024-09-11 22:36:46,257 - INFO - Epoch: 8/100
2024-09-11 22:36:46,257 - INFO - Time: 112.57sec
2024-09-11 22:36:46,259 - INFO - Loss: 103.0089
2024-09-11 22:36:46,259 - INFO - ------------------------------
2024-09-11 22:38:38,600 - INFO - Epoch 9 : group 0 lr 0.0004505
2024-09-11 22:38:38,608 - INFO - ------------------------------
2024-09-11 22:38:38,608 - INFO - Epoch: 9/100
2024-09-11 22:38:38,608 - INFO - Time: 112.34sec
2024-09-11 22:38:38,611 - INFO - Loss: 102.1955
2024-09-11 22:38:38,611 - INFO - ------------------------------
2024-09-11 22:40:30,778 - INFO - Epoch 10 : group 0 lr 0.0005
2024-09-11 22:40:30,786 - INFO - ------------------------------
2024-09-11 22:40:30,786 - INFO - Epoch: 10/100
2024-09-11 22:40:30,786 - INFO - Time: 112.17sec
2024-09-11 22:40:30,788 - INFO - Loss: 100.7703
2024-09-11 22:40:30,788 - INFO - ------------------------------
2024-09-11 22:42:24,748 - INFO - Epoch 11 : group 0 lr 0.0004969528642972967
2024-09-11 22:42:24,748 - INFO - ------------------------------
2024-09-11 22:42:24,748 - INFO - Epoch: 11/100
2024-09-11 22:42:24,748 - INFO - Time: 113.96sec
2024-09-11 22:42:24,750 - INFO - Loss: 99.7296
2024-09-11 22:42:24,751 - INFO - ------------------------------
2024-09-11 22:44:20,598 - INFO - Epoch 12 : group 0 lr 0.00048788648778305053
2024-09-11 22:44:20,606 - INFO - ------------------------------
2024-09-11 22:44:20,606 - INFO - Epoch: 12/100
2024-09-11 22:44:20,606 - INFO - Time: 115.85sec
2024-09-11 22:44:20,608 - INFO - Loss: 98.3572
2024-09-11 22:44:20,608 - INFO - ------------------------------
2024-09-11 22:46:15,879 - INFO - Epoch 13 : group 0 lr 0.00047302411473662103
2024-09-11 22:46:15,888 - INFO - ------------------------------
2024-09-11 22:46:15,888 - INFO - Epoch: 13/100
2024-09-11 22:46:15,888 - INFO - Time: 115.28sec
2024-09-11 22:46:15,890 - INFO - Loss: 97.7007
2024-09-11 22:46:15,890 - INFO - ------------------------------
2024-09-11 22:48:10,227 - INFO - Epoch 14 : group 0 lr 0.0004527317061077995
2024-09-11 22:48:10,235 - INFO - ------------------------------
2024-09-11 22:48:10,235 - INFO - Epoch: 14/100
2024-09-11 22:48:10,235 - INFO - Time: 114.34sec
2024-09-11 22:48:10,237 - INFO - Loss: 96.9824
2024-09-11 22:48:10,237 - INFO - ------------------------------
2024-09-11 22:50:05,821 - INFO - Epoch 15 : group 0 lr 0.0004275089283436705
2024-09-11 22:50:05,829 - INFO - ------------------------------
2024-09-11 22:50:05,829 - INFO - Epoch: 15/100
2024-09-11 22:50:05,829 - INFO - Time: 115.59sec
2024-09-11 22:50:05,830 - INFO - Loss: 96.3308
2024-09-11 22:50:05,830 - INFO - ------------------------------
2024-09-11 22:51:59,409 - INFO - Epoch 16 : group 0 lr 0.0003979768499423871
2024-09-11 22:51:59,417 - INFO - ------------------------------
2024-09-11 22:51:59,417 - INFO - Epoch: 16/100
2024-09-11 22:51:59,417 - INFO - Time: 113.58sec
2024-09-11 22:51:59,419 - INFO - Loss: 95.9546
2024-09-11 22:51:59,419 - INFO - ------------------------------
2024-09-11 22:53:53,719 - INFO - Epoch 17 : group 0 lr 0.0003648626486855378
2024-09-11 22:53:53,727 - INFO - ------------------------------
2024-09-11 22:53:53,727 - INFO - Epoch: 17/100
2024-09-11 22:53:53,727 - INFO - Time: 114.30sec
2024-09-11 22:53:53,729 - INFO - Loss: 95.3049
2024-09-11 22:53:53,729 - INFO - ------------------------------
