2024-09-11 21:49:50,055 - INFO - 
<Train>
2024-09-11 21:49:50,055 - INFO - total examples in dataset: 28608
2024-09-11 21:51:46,781 - INFO - Epoch 1 : group 0 lr 5.4499999999999997e-05
2024-09-11 21:51:46,782 - INFO - ------------------------------
2024-09-11 21:51:46,782 - INFO - Epoch: 1/100
2024-09-11 21:51:46,782 - INFO - Time: 116.16sec
2024-09-11 21:51:46,784 - INFO - Loss: 116.5655
2024-09-11 21:51:46,784 - INFO - ------------------------------
2024-09-11 21:53:38,690 - INFO - Epoch 2 : group 0 lr 0.000104
2024-09-11 21:53:38,698 - INFO - ------------------------------
2024-09-11 21:53:38,698 - INFO - Epoch: 2/100
2024-09-11 21:53:38,698 - INFO - Time: 111.91sec
2024-09-11 21:53:38,700 - INFO - Loss: 115.9947
2024-09-11 21:53:38,700 - INFO - ------------------------------
2024-09-11 21:55:31,003 - INFO - Epoch 3 : group 0 lr 0.00015350000000000002
2024-09-11 21:55:31,011 - INFO - ------------------------------
2024-09-11 21:55:31,011 - INFO - Epoch: 3/100
2024-09-11 21:55:31,011 - INFO - Time: 112.31sec
2024-09-11 21:55:31,013 - INFO - Loss: 114.9209
2024-09-11 21:55:31,013 - INFO - ------------------------------
2024-09-11 21:57:26,216 - INFO - Epoch 4 : group 0 lr 0.000203
2024-09-11 21:57:26,224 - INFO - ------------------------------
2024-09-11 21:57:26,224 - INFO - Epoch: 4/100
2024-09-11 21:57:26,224 - INFO - Time: 115.21sec
2024-09-11 21:57:26,226 - INFO - Loss: 112.8569
2024-09-11 21:57:26,226 - INFO - ------------------------------
2024-09-11 21:59:22,432 - INFO - Epoch 5 : group 0 lr 0.0002525
2024-09-11 21:59:22,440 - INFO - ------------------------------
2024-09-11 21:59:22,440 - INFO - Epoch: 5/100
2024-09-11 21:59:22,440 - INFO - Time: 116.21sec
2024-09-11 21:59:22,442 - INFO - Loss: 110.1504
2024-09-11 21:59:22,442 - INFO - ------------------------------
2024-09-11 22:01:14,999 - INFO - Epoch 6 : group 0 lr 0.000302
2024-09-11 22:01:15,007 - INFO - ------------------------------
2024-09-11 22:01:15,007 - INFO - Epoch: 6/100
2024-09-11 22:01:15,007 - INFO - Time: 112.56sec
2024-09-11 22:01:15,009 - INFO - Loss: 106.8430
2024-09-11 22:01:15,009 - INFO - ------------------------------
2024-09-11 22:03:07,615 - INFO - Epoch 7 : group 0 lr 0.00035150000000000003
2024-09-11 22:03:07,624 - INFO - ------------------------------
2024-09-11 22:03:07,624 - INFO - Epoch: 7/100
2024-09-11 22:03:07,624 - INFO - Time: 112.61sec
2024-09-11 22:03:07,626 - INFO - Loss: 104.6948
2024-09-11 22:03:07,626 - INFO - ------------------------------
2024-09-11 22:05:00,254 - INFO - Epoch 8 : group 0 lr 0.000401
2024-09-11 22:05:00,262 - INFO - ------------------------------
2024-09-11 22:05:00,262 - INFO - Epoch: 8/100
2024-09-11 22:05:00,262 - INFO - Time: 112.63sec
2024-09-11 22:05:00,264 - INFO - Loss: 103.0089
2024-09-11 22:05:00,264 - INFO - ------------------------------
2024-09-11 22:06:53,057 - INFO - Epoch 9 : group 0 lr 0.0004505
2024-09-11 22:06:53,065 - INFO - ------------------------------
2024-09-11 22:06:53,065 - INFO - Epoch: 9/100
2024-09-11 22:06:53,065 - INFO - Time: 112.80sec
2024-09-11 22:06:53,067 - INFO - Loss: 102.1955
2024-09-11 22:06:53,067 - INFO - ------------------------------
2024-09-11 22:08:45,426 - INFO - Epoch 10 : group 0 lr 0.0005
2024-09-11 22:08:45,434 - INFO - ------------------------------
2024-09-11 22:08:45,434 - INFO - Epoch: 10/100
2024-09-11 22:08:45,434 - INFO - Time: 112.36sec
2024-09-11 22:08:45,436 - INFO - Loss: 100.7703
2024-09-11 22:08:45,436 - INFO - ------------------------------
2024-09-11 22:10:38,288 - INFO - Epoch 11 : group 0 lr 0.0004969528642972967
2024-09-11 22:10:38,296 - INFO - ------------------------------
2024-09-11 22:10:38,296 - INFO - Epoch: 11/100
2024-09-11 22:10:38,296 - INFO - Time: 112.85sec
2024-09-11 22:10:38,298 - INFO - Loss: 99.7296
2024-09-11 22:10:38,298 - INFO - ------------------------------
2024-09-11 22:12:31,150 - INFO - Epoch 12 : group 0 lr 0.00048788648778305053
2024-09-11 22:12:31,158 - INFO - ------------------------------
2024-09-11 22:12:31,158 - INFO - Epoch: 12/100
2024-09-11 22:12:31,158 - INFO - Time: 112.85sec
2024-09-11 22:12:31,160 - INFO - Loss: 98.3572
2024-09-11 22:12:31,160 - INFO - ------------------------------
2024-09-11 22:14:24,081 - INFO - Epoch 13 : group 0 lr 0.00047302411473662103
2024-09-11 22:14:24,089 - INFO - ------------------------------
2024-09-11 22:14:24,089 - INFO - Epoch: 13/100
2024-09-11 22:14:24,089 - INFO - Time: 112.92sec
2024-09-11 22:14:24,091 - INFO - Loss: 97.7007
2024-09-11 22:14:24,091 - INFO - ------------------------------
2024-09-11 22:16:16,811 - INFO - Epoch 14 : group 0 lr 0.0004527317061077995
2024-09-11 22:16:16,819 - INFO - ------------------------------
2024-09-11 22:16:16,819 - INFO - Epoch: 14/100
2024-09-11 22:16:16,819 - INFO - Time: 112.72sec
2024-09-11 22:16:16,821 - INFO - Loss: 96.9824
2024-09-11 22:16:16,821 - INFO - ------------------------------
2024-09-11 22:18:09,655 - INFO - Epoch 15 : group 0 lr 0.0004275089283436705
2024-09-11 22:18:09,663 - INFO - ------------------------------
2024-09-11 22:18:09,663 - INFO - Epoch: 15/100
2024-09-11 22:18:09,663 - INFO - Time: 112.84sec
2024-09-11 22:18:09,665 - INFO - Loss: 96.3308
2024-09-11 22:18:09,665 - INFO - ------------------------------
2024-09-11 22:20:02,347 - INFO - Epoch 16 : group 0 lr 0.0003979768499423871
2024-09-11 22:20:02,355 - INFO - ------------------------------
2024-09-11 22:20:02,355 - INFO - Epoch: 16/100
2024-09-11 22:20:02,355 - INFO - Time: 112.68sec
2024-09-11 22:20:02,357 - INFO - Loss: 95.9546
2024-09-11 22:20:02,357 - INFO - ------------------------------
